#
# There is insufficient memory for the Java Runtime Environment to continue.
# Native memory allocation (mmap) failed to map 76546048 bytes for committing reserved memory.
# Possible reasons:
#   The system is out of physical RAM or swap space
#   In 32 bit mode, the process size limit was hit
# Possible solutions:
#   Reduce memory load on the system
#   Increase physical memory or swap space
#   Check if swap backing store is full
#   Use 64 bit Java on a 64 bit OS
#   Decrease Java heap size (-Xmx/-Xms)
#   Decrease number of Java threads
#   Decrease Java thread stack sizes (-Xss)
#   Set larger code cache with -XX:ReservedCodeCacheSize=
# This output file may be truncated or incomplete.
#
#  Out of Memory Error (os_linux.cpp:2643), pid=9622, tid=0x00007fa53ce33700
#
# JRE version: OpenJDK Runtime Environment (8.0_131-b11) (build 1.8.0_131-8u131-b11-2ubuntu1.16.04.3-b11)
# Java VM: OpenJDK 64-Bit Server VM (25.131-b11 mixed mode linux-amd64 compressed oops)
# Failed to write core dump. Core dumps have been disabled. To enable core dumping, try "ulimit -c unlimited" before starting Java again
#

---------------  T H R E A D  ---------------

Current thread (0x00007fa550077000):  VMThread [stack: 0x00007fa53cd33000,0x00007fa53ce34000] [id=9633]

Stack: [0x00007fa53cd33000,0x00007fa53ce34000],  sp=0x00007fa53ce32480,  free space=1021k
Native frames: (J=compiled Java code, j=interpreted, Vv=VM code, C=native code)
V  [libjvm.so+0xa6a1bb]
V  [libjvm.so+0x4c5a6c]
V  [libjvm.so+0x8b85a0]
V  [libjvm.so+0x8b2a1e]
V  [libjvm.so+0x92d556]
V  [libjvm.so+0x91cbba]
V  [libjvm.so+0x91cdc3]
V  [libjvm.so+0x91d728]
V  [libjvm.so+0x9239ee]
V  [libjvm.so+0x92b3bd]
V  [libjvm.so+0x8dd093]
V  [libjvm.so+0xa6be72]
V  [libjvm.so+0xa70f57]
V  [libjvm.so+0xa6e727]
V  [libjvm.so+0xa6fbaf]
V  [libjvm.so+0xa700a1]
V  [libjvm.so+0x8b5a82]

VM_Operation (0x00007fa55793f700): ParallelGCFailedAllocation, mode: safepoint, requested by thread 0x00007fa55000a000


---------------  P R O C E S S  ---------------

Java Threads: ( => current thread )
  0x00007fa5500ca000 JavaThread "Service Thread" daemon [_thread_blocked, id=9640, stack(0x00007fa53c353000,0x00007fa53c454000)]
  0x00007fa5500b2800 JavaThread "C1 CompilerThread2" daemon [_thread_blocked, id=9639, stack(0x00007fa53c454000,0x00007fa53c555000)]
  0x00007fa5500b0800 JavaThread "C2 CompilerThread1" daemon [_thread_blocked, id=9638, stack(0x00007fa53c555000,0x00007fa53c656000)]
  0x00007fa5500ae000 JavaThread "C2 CompilerThread0" daemon [_thread_blocked, id=9637, stack(0x00007fa53c656000,0x00007fa53c757000)]
  0x00007fa5500ab800 JavaThread "Signal Dispatcher" daemon [_thread_blocked, id=9636, stack(0x00007fa53c757000,0x00007fa53c858000)]
  0x00007fa550083800 JavaThread "Finalizer" daemon [_thread_blocked, id=9635, stack(0x00007fa53cb31000,0x00007fa53cc32000)]
  0x00007fa55007f000 JavaThread "Reference Handler" daemon [_thread_blocked, id=9634, stack(0x00007fa53cc32000,0x00007fa53cd33000)]
  0x00007fa55000a000 JavaThread "main" [_thread_blocked, id=9628, stack(0x00007fa557840000,0x00007fa557941000)]

Other Threads:
=>0x00007fa550077000 VMThread [stack: 0x00007fa53cd33000,0x00007fa53ce34000] [id=9633]
  0x00007fa5500dc800 WatcherThread [stack: 0x00007fa53c252000,0x00007fa53c353000] [id=9641]

VM state:at safepoint (normal execution)

VM Mutex/Monitor currently owned by a thread:  ([mutex/lock_event])
[0x00007fa550005ae0] ExpandHeap_lock - owner thread: 0x00007fa550077000
[0x00007fa550006160] Threads_lock - owner thread: 0x00007fa550077000
[0x00007fa550006660] Heap_lock - owner thread: 0x00007fa55000a000

Heap:
 PSYoungGen      total 206848K, used 94875K [0x00000000ec380000, 0x0000000100000000, 0x0000000100000000)
  eden space 108032K, 0% used [0x00000000ec380000,0x00000000ec380000,0x00000000f2d00000)
  from space 98816K, 96% used [0x00000000f9f80000,0x00000000ffc26de0,0x0000000100000000)
  to   space 108032K, 0% used [0x00000000f2d00000,0x00000000f2d00000,0x00000000f9680000)
 ParOldGen       total 117248K, used 108788K [0x00000000c4a00000, 0x00000000cbc80000, 0x00000000ec380000)
  object space 117248K, 92% used [0x00000000c4a00000,0x00000000cb43d2c0,0x00000000cbc80000)
 Metaspace       used 2588K, capacity 4490K, committed 4864K, reserved 1056768K
  class space    used 271K, capacity 386K, committed 512K, reserved 1048576K

Card table byte_map: [0x00007fa5540d6000,0x00007fa5542b2000] byte_map_base: 0x00007fa553ab1000

Marking Bits: (ParMarkBitMap*) 0x00007fa556b0e2c0
 Begin Bits: [0x00007fa53e94f000, 0x00007fa53f827000)
 End Bits:   [0x00007fa53f827000, 0x00007fa5406ff000)

Polling page: 0x00007fa557961000

CodeCache: size=245760Kb used=1168Kb max_used=1182Kb free=244591Kb
 bounds [0x00007fa541000000, 0x00007fa541270000, 0x00007fa550000000]
 total_blobs=282 nmethods=51 adapters=147
 compilation: enabled

Compilation events (10 events):
Event: 0.219 Thread 0x00007fa5500b0800 nmethod 48 0x00007fa541116550 code [0x00007fa5411166a0, 0x00007fa541116718]
Event: 0.219 Thread 0x00007fa5500b0800   47       4       java.util.TreeMap::get (19 bytes)
Event: 0.221 Thread 0x00007fa5500b0800 nmethod 47 0x00007fa54111e2d0 code [0x00007fa54111e440, 0x00007fa54111e5b8]
Event: 0.221 Thread 0x00007fa5500ae000 nmethod 46 0x00007fa54111a7d0 code [0x00007fa54111a940, 0x00007fa54111aab8]
Event: 0.263 Thread 0x00007fa5500b2800   49 %     3       Solution::bfs @ 40 (236 bytes)
Event: 0.268 Thread 0x00007fa5500b2800 nmethod 49% 0x00007fa54111e850 code [0x00007fa54111ed00, 0x00007fa541121b68]
Event: 0.268 Thread 0x00007fa5500b2800   50       3       Solution::bfs (236 bytes)
Event: 0.273 Thread 0x00007fa5500b2800 nmethod 50 0x00007fa5411236d0 code [0x00007fa541123bc0, 0x00007fa541126978]
Event: 0.287 Thread 0x00007fa5500b0800   51 %     4       Solution::bfs @ 40 (236 bytes)
Event: 0.332 Thread 0x00007fa5500b0800 nmethod 51% 0x00007fa5411285d0 code [0x00007fa5411287e0, 0x00007fa541129228]

GC Heap History (10 events):
Event: 4.754 GC heap after
Heap after GC invocations=10 (full 2):
 PSYoungGen      total 156160K, used 38877K [0x00000000ec380000, 0x00000000fcf80000, 0x0000000100000000)
  eden space 117248K, 0% used [0x00000000ec380000,0x00000000ec380000,0x00000000f3600000)
  from space 38912K, 99% used [0x00000000f6880000,0x00000000f8e775f0,0x00000000f8e80000)
  to   space 51712K, 0% used [0x00000000f3600000,0x00000000f3600000,0x00000000f6880000)
 ParOldGen       total 117248K, used 54260K [0x00000000c4a00000, 0x00000000cbc80000, 0x00000000ec380000)
  object space 117248K, 46% used [0x00000000c4a00000,0x00000000c7efd0e0,0x00000000cbc80000)
 Metaspace       used 2588K, capacity 4490K, committed 4864K, reserved 1056768K
  class space    used 271K, capacity 386K, committed 512K, reserved 1048576K
}
Event: 4.862 GC heap before
{Heap before GC invocations=11 (full 2):
 PSYoungGen      total 156160K, used 156125K [0x00000000ec380000, 0x00000000fcf80000, 0x0000000100000000)
  eden space 117248K, 100% used [0x00000000ec380000,0x00000000f3600000,0x00000000f3600000)
  from space 38912K, 99% used [0x00000000f6880000,0x00000000f8e775f0,0x00000000f8e80000)
  to   space 51712K, 0% used [0x00000000f3600000,0x00000000f3600000,0x00000000f6880000)
 ParOldGen       total 117248K, used 54260K [0x00000000c4a00000, 0x00000000cbc80000, 0x00000000ec380000)
  object space 117248K, 46% used [0x00000000c4a00000,0x00000000c7efd0e0,0x00000000cbc80000)
 Metaspace       used 2588K, capacity 4490K, committed 4864K, reserved 1056768K
  class space    used 271K, capacity 386K, committed 512K, reserved 1048576K
Event: 5.080 GC heap after
Heap after GC invocations=11 (full 2):
 PSYoungGen      total 168960K, used 51684K [0x00000000ec380000, 0x00000000fd080000, 0x0000000100000000)
  eden space 117248K, 0% used [0x00000000ec380000,0x00000000ec380000,0x00000000f3600000)
  from space 51712K, 99% used [0x00000000f3600000,0x00000000f68792f0,0x00000000f6880000)
  to   space 65024K, 0% used [0x00000000f9100000,0x00000000f9100000,0x00000000fd080000)
 ParOldGen       total 117248K, used 64948K [0x00000000c4a00000, 0x00000000cbc80000, 0x00000000ec380000)
  object space 117248K, 55% used [0x00000000c4a00000,0x00000000c896d0e0,0x00000000cbc80000)
 Metaspace       used 2588K, capacity 4490K, committed 4864K, reserved 1056768K
  class space    used 271K, capacity 386K, committed 512K, reserved 1048576K
}
Event: 5.184 GC heap before
{Heap before GC invocations=12 (full 2):
 PSYoungGen      total 168960K, used 168932K [0x00000000ec380000, 0x00000000fd080000, 0x0000000100000000)
  eden space 117248K, 100% used [0x00000000ec380000,0x00000000f3600000,0x00000000f3600000)
  from space 51712K, 99% used [0x00000000f3600000,0x00000000f68792f0,0x00000000f6880000)
  to   space 65024K, 0% used [0x00000000f9100000,0x00000000f9100000,0x00000000fd080000)
 ParOldGen       total 117248K, used 64948K [0x00000000c4a00000, 0x00000000cbc80000, 0x00000000ec380000)
  object space 117248K, 55% used [0x00000000c4a00000,0x00000000c896d0e0,0x00000000cbc80000)
 Metaspace       used 2588K, capacity 4490K, committed 4864K, reserved 1056768K
  class space    used 271K, capacity 386K, committed 512K, reserved 1048576K
Event: 5.458 GC heap after
Heap after GC invocations=12 (full 2):
 PSYoungGen      total 194048K, used 65015K [0x00000000ec380000, 0x00000000ff680000, 0x0000000100000000)
  eden space 129024K, 0% used [0x00000000ec380000,0x00000000ec380000,0x00000000f4180000)
  from space 65024K, 99% used [0x00000000f9100000,0x00000000fd07dc60,0x00000000fd080000)
  to   space 81408K, 0% used [0x00000000f4180000,0x00000000f4180000,0x00000000f9100000)
 ParOldGen       total 117248K, used 79916K [0x00000000c4a00000, 0x00000000cbc80000, 0x00000000ec380000)
  object space 117248K, 68% used [0x00000000c4a00000,0x00000000c980b0e0,0x00000000cbc80000)
 Metaspace       used 2588K, capacity 4490K, committed 4864K, reserved 1056768K
  class space    used 271K, capacity 386K, committed 512K, reserved 1048576K
}
Event: 5.605 GC heap before
{Heap before GC invocations=13 (full 2):
 PSYoungGen      total 194048K, used 194039K [0x00000000ec380000, 0x00000000ff680000, 0x0000000100000000)
  eden space 129024K, 100% used [0x00000000ec380000,0x00000000f4180000,0x00000000f4180000)
  from space 65024K, 99% used [0x00000000f9100000,0x00000000fd07dc60,0x00000000fd080000)
  to   space 81408K, 0% used [0x00000000f4180000,0x00000000f4180000,0x00000000f9100000)
 ParOldGen       total 117248K, used 79916K [0x00000000c4a00000, 0x00000000cbc80000, 0x00000000ec380000)
  object space 117248K, 68% used [0x00000000c4a00000,0x00000000c980b0e0,0x00000000cbc80000)
 Metaspace       used 2588K, capacity 4490K, committed 4864K, reserved 1056768K
  class space    used 271K, capacity 386K, committed 512K, reserved 1048576K
Event: 5.897 GC heap after
Heap after GC invocations=13 (full 2):
 PSYoungGen      total 210432K, used 81399K [0x00000000ec380000, 0x0000000100000000, 0x0000000100000000)
  eden space 129024K, 0% used [0x00000000ec380000,0x00000000ec380000,0x00000000f4180000)
  from space 81408K, 99% used [0x00000000f4180000,0x00000000f90fdc60,0x00000000f9100000)
  to   space 98816K, 0% used [0x00000000f9f80000,0x00000000f9f80000,0x0000000100000000)
 ParOldGen       total 117248K, used 89388K [0x00000000c4a00000, 0x00000000cbc80000, 0x00000000ec380000)
  object space 117248K, 76% used [0x00000000c4a00000,0x00000000ca14b0e0,0x00000000cbc80000)
 Metaspace       used 2588K, capacity 4490K, committed 4864K, reserved 1056768K
  class space    used 271K, capacity 386K, committed 512K, reserved 1048576K
}
Event: 6.036 GC heap before
{Heap before GC invocations=14 (full 2):
 PSYoungGen      total 210432K, used 210423K [0x00000000ec380000, 0x0000000100000000, 0x0000000100000000)
  eden space 129024K, 100% used [0x00000000ec380000,0x00000000f4180000,0x00000000f4180000)
  from space 81408K, 99% used [0x00000000f4180000,0x00000000f90fdc60,0x00000000f9100000)
  to   space 98816K, 0% used [0x00000000f9f80000,0x00000000f9f80000,0x0000000100000000)
 ParOldGen       total 117248K, used 89388K [0x00000000c4a00000, 0x00000000cbc80000, 0x00000000ec380000)
  object space 117248K, 76% used [0x00000000c4a00000,0x00000000ca14b0e0,0x00000000cbc80000)
 Metaspace       used 2588K, capacity 4490K, committed 4864K, reserved 1056768K
  class space    used 271K, capacity 386K, committed 512K, reserved 1048576K
Event: 6.376 GC heap after
Heap after GC invocations=14 (full 2):
 PSYoungGen      total 206848K, used 94946K [0x00000000ec380000, 0x0000000100000000, 0x0000000100000000)
  eden space 108032K, 0% used [0x00000000ec380000,0x00000000ec380000,0x00000000f2d00000)
  from space 98816K, 96% used [0x00000000f9f80000,0x00000000ffc38a88,0x0000000100000000)
  to   space 108032K, 0% used [0x00000000f2d00000,0x00000000f2d00000,0x00000000f9680000)
 ParOldGen       total 117248K, used 108956K [0x00000000c4a00000, 0x00000000cbc80000, 0x00000000ec380000)
  object space 117248K, 92% used [0x00000000c4a00000,0x00000000cb4670e0,0x00000000cbc80000)
 Metaspace       used 2588K, capacity 4490K, committed 4864K, reserved 1056768K
  class space    used 271K, capacity 386K, committed 512K, reserved 1048576K
}
Event: 6.376 GC heap before
{Heap before GC invocations=15 (full 3):
 PSYoungGen      total 206848K, used 94946K [0x00000000ec380000, 0x0000000100000000, 0x0000000100000000)
  eden space 108032K, 0% used [0x00000000ec380000,0x00000000ec380000,0x00000000f2d00000)
  from space 98816K, 96% used [0x00000000f9f80000,0x00000000ffc38a88,0x0000000100000000)
  to   space 108032K, 0% used [0x00000000f2d00000,0x00000000f2d00000,0x00000000f9680000)
 ParOldGen       total 117248K, used 108956K [0x00000000c4a00000, 0x00000000cbc80000, 0x00000000ec380000)
  object space 117248K, 92% used [0x00000000c4a00000,0x00000000cb4670e0,0x00000000cbc80000)
 Metaspace       used 2588K, capacity 4490K, committed 4864K, reserved 1056768K
  class space    used 271K, capacity 386K, committed 512K, reserved 1048576K

Deoptimization events (0 events):
No events

Internal exceptions (2 events):
Event: 0.114 Thread 0x00007fa55000a000 Exception <a 'java/lang/NoSuchMethodError': Method sun.misc.Unsafe.defineClass(Ljava/lang/String;[BII)Ljava/lang/Class; name or signature does not match> (0x00000000ec387ca8) thrown at [/build/openjdk-8-pZyJp3/openjdk-8-8u131-b11/src/hotspot/src/share/vm/
Event: 0.115 Thread 0x00007fa55000a000 Exception <a 'java/lang/NoSuchMethodError': Method sun.misc.Unsafe.prefetchRead(Ljava/lang/Object;J)V name or signature does not match> (0x00000000ec387f90) thrown at [/build/openjdk-8-pZyJp3/openjdk-8-8u131-b11/src/hotspot/src/share/vm/prims/jni.cpp, lin

Events (10 events):
Event: 2.072 Executing VM operation: ParallelGCFailedAllocation done
Event: 2.177 Executing VM operation: ParallelGCFailedAllocation
Event: 4.754 Executing VM operation: ParallelGCFailedAllocation done
Event: 4.862 Executing VM operation: ParallelGCFailedAllocation
Event: 5.080 Executing VM operation: ParallelGCFailedAllocation done
Event: 5.184 Executing VM operation: ParallelGCFailedAllocation
Event: 5.458 Executing VM operation: ParallelGCFailedAllocation done
Event: 5.605 Executing VM operation: ParallelGCFailedAllocation
Event: 5.897 Executing VM operation: ParallelGCFailedAllocation done
Event: 6.036 Executing VM operation: ParallelGCFailedAllocation


Dynamic libraries:
00400000-00401000 r-xp 00000000 08:07 293219                             /usr/lib/jvm/java-8-openjdk-amd64/jre/bin/java
00600000-00601000 r--p 00000000 08:07 293219                             /usr/lib/jvm/java-8-openjdk-amd64/jre/bin/java
00601000-00602000 rw-p 00001000 08:07 293219                             /usr/lib/jvm/java-8-openjdk-amd64/jre/bin/java
013b1000-013d2000 rw-p 00000000 00:00 0                                  [heap]
c4a00000-cbc80000 rw-p 00000000 00:00 0 
d0580000-ec380000 ---p 00000000 00:00 0 
ec380000-100000000 rw-p 00000000 00:00 0 
100000000-100080000 rw-p 00000000 00:00 0 
100080000-140000000 ---p 00000000 00:00 0 
7fa508000000-7fa508021000 rw-p 00000000 00:00 0 
7fa508021000-7fa50c000000 ---p 00000000 00:00 0 
7fa50c000000-7fa50c021000 rw-p 00000000 00:00 0 
7fa50c021000-7fa510000000 ---p 00000000 00:00 0 
7fa510000000-7fa51011d000 rw-p 00000000 00:00 0 
7fa51011d000-7fa514000000 ---p 00000000 00:00 0 
7fa514000000-7fa514071000 rw-p 00000000 00:00 0 
7fa514071000-7fa518000000 ---p 00000000 00:00 0 
7fa518000000-7fa518021000 rw-p 00000000 00:00 0 
7fa518021000-7fa51c000000 ---p 00000000 00:00 0 
7fa51c000000-7fa51c067000 rw-p 00000000 00:00 0 
7fa51c067000-7fa520000000 ---p 00000000 00:00 0 
7fa520000000-7fa520021000 rw-p 00000000 00:00 0 
7fa520021000-7fa524000000 ---p 00000000 00:00 0 
7fa524000000-7fa524021000 rw-p 00000000 00:00 0 
7fa524021000-7fa528000000 ---p 00000000 00:00 0 
7fa528000000-7fa5281b6000 rw-p 00000000 00:00 0 
7fa5281b6000-7fa52c000000 ---p 00000000 00:00 0 
7fa52c000000-7fa52c021000 rw-p 00000000 00:00 0 
7fa52c021000-7fa530000000 ---p 00000000 00:00 0 
7fa530000000-7fa530021000 rw-p 00000000 00:00 0 
7fa530021000-7fa534000000 ---p 00000000 00:00 0 
7fa534000000-7fa5340d4000 rw-p 00000000 00:00 0 
7fa5340d4000-7fa538000000 ---p 00000000 00:00 0 
7fa538000000-7fa538021000 rw-p 00000000 00:00 0 
7fa538021000-7fa53c000000 ---p 00000000 00:00 0 
7fa53c21c000-7fa53c237000 r--s 001d6000 08:07 292379                     /usr/lib/jvm/java-8-openjdk-amd64/jre/lib/ext/nashorn.jar
7fa53c237000-7fa53c252000 r--s 00394000 08:07 292378                     /usr/lib/jvm/java-8-openjdk-amd64/jre/lib/ext/cldrdata.jar
7fa53c252000-7fa53c253000 ---p 00000000 00:00 0 
7fa53c253000-7fa53c353000 rw-p 00000000 00:00 0 
7fa53c353000-7fa53c356000 ---p 00000000 00:00 0 
7fa53c356000-7fa53c454000 rw-p 00000000 00:00 0 
7fa53c454000-7fa53c457000 ---p 00000000 00:00 0 
7fa53c457000-7fa53c555000 rw-p 00000000 00:00 0 
7fa53c555000-7fa53c558000 ---p 00000000 00:00 0 
7fa53c558000-7fa53c656000 rw-p 00000000 00:00 0 
7fa53c656000-7fa53c659000 ---p 00000000 00:00 0 
7fa53c659000-7fa53c757000 rw-p 00000000 00:00 0 
7fa53c757000-7fa53c75a000 ---p 00000000 00:00 0 
7fa53c75a000-7fa53c858000 rw-p 00000000 00:00 0 
7fa53c858000-7fa53cb31000 r--p 00000000 08:07 262862                     /usr/lib/locale/locale-archive
7fa53cb31000-7fa53cb34000 ---p 00000000 00:00 0 
7fa53cb34000-7fa53cc32000 rw-p 00000000 00:00 0 
7fa53cc32000-7fa53cc35000 ---p 00000000 00:00 0 
7fa53cc35000-7fa53cd33000 rw-p 00000000 00:00 0 
7fa53cd33000-7fa53cd34000 ---p 00000000 00:00 0 
7fa53cd34000-7fa53dda6000 rw-p 00000000 00:00 0 
7fa53dda6000-7fa53df74000 r--s 03c13000 08:07 292376                     /usr/lib/jvm/java-8-openjdk-amd64/jre/lib/rt.jar
7fa53df74000-7fa53e3b4000 rw-p 00000000 00:00 0 
7fa53e3b4000-7fa53e774000 ---p 00000000 00:00 0 
7fa53e774000-7fa5406ff000 rw-p 00000000 00:00 0 
7fa5406ff000-7fa540700000 ---p 00000000 00:00 0 
7fa540700000-7fa540800000 rw-p 00000000 00:00 0 
7fa540800000-7fa540801000 ---p 00000000 00:00 0 
7fa540801000-7fa540901000 rw-p 00000000 00:00 0 
7fa540901000-7fa540902000 ---p 00000000 00:00 0 
7fa540902000-7fa540a02000 rw-p 00000000 00:00 0 
7fa540a02000-7fa540a03000 ---p 00000000 00:00 0 
7fa540a03000-7fa540b3d000 rw-p 00000000 00:00 0 
7fa540b3d000-7fa540c40000 ---p 00000000 00:00 0 
7fa540c40000-7fa540c4a000 rw-p 00000000 00:00 0 
7fa540c4a000-7fa541000000 ---p 00000000 00:00 0 
7fa541000000-7fa541270000 rwxp 00000000 00:00 0 
7fa541270000-7fa550000000 ---p 00000000 00:00 0 
7fa550000000-7fa550153000 rw-p 00000000 00:00 0 
7fa550153000-7fa554000000 ---p 00000000 00:00 0 
7fa554008000-7fa554012000 r--s 00116000 08:07 292380                     /usr/lib/jvm/java-8-openjdk-amd64/jre/lib/ext/localedata.jar
7fa554012000-7fa554110000 rw-p 00000000 00:00 0 
7fa554110000-7fa554212000 ---p 00000000 00:00 0 
7fa554212000-7fa5542b1000 rw-p 00000000 00:00 0 
7fa5542b1000-7fa5542b2000 rw-p 00000000 00:00 0 
7fa5542b2000-7fa5542ba000 r-xp 00000000 08:07 292401                     /usr/lib/jvm/java-8-openjdk-amd64/jre/lib/amd64/libzip.so
7fa5542ba000-7fa5544b9000 ---p 00008000 08:07 292401                     /usr/lib/jvm/java-8-openjdk-amd64/jre/lib/amd64/libzip.so
7fa5544b9000-7fa5544ba000 r--p 00007000 08:07 292401                     /usr/lib/jvm/java-8-openjdk-amd64/jre/lib/amd64/libzip.so
7fa5544ba000-7fa5544bb000 rw-p 00008000 08:07 292401                     /usr/lib/jvm/java-8-openjdk-amd64/jre/lib/amd64/libzip.so
7fa5544bb000-7fa5544c6000 r-xp 00000000 08:07 1060869                    /lib/x86_64-linux-gnu/libnss_files-2.23.so
7fa5544c6000-7fa5546c5000 ---p 0000b000 08:07 1060869                    /lib/x86_64-linux-gnu/libnss_files-2.23.so
7fa5546c5000-7fa5546c6000 r--p 0000a000 08:07 1060869                    /lib/x86_64-linux-gnu/libnss_files-2.23.so
7fa5546c6000-7fa5546c7000 rw-p 0000b000 08:07 1060869                    /lib/x86_64-linux-gnu/libnss_files-2.23.so
7fa5546c7000-7fa5546cd000 rw-p 00000000 00:00 0 
7fa5546cd000-7fa5546d8000 r-xp 00000000 08:07 1060981                    /lib/x86_64-linux-gnu/libnss_nis-2.23.so
7fa5546d8000-7fa5548d7000 ---p 0000b000 08:07 1060981                    /lib/x86_64-linux-gnu/libnss_nis-2.23.so
7fa5548d7000-7fa5548d8000 r--p 0000a000 08:07 1060981                    /lib/x86_64-linux-gnu/libnss_nis-2.23.so
7fa5548d8000-7fa5548d9000 rw-p 0000b000 08:07 1060981                    /lib/x86_64-linux-gnu/libnss_nis-2.23.so
7fa5548d9000-7fa5548ef000 r-xp 00000000 08:07 1060725                    /lib/x86_64-linux-gnu/libnsl-2.23.so
7fa5548ef000-7fa554aee000 ---p 00016000 08:07 1060725                    /lib/x86_64-linux-gnu/libnsl-2.23.so
7fa554aee000-7fa554aef000 r--p 00015000 08:07 1060725                    /lib/x86_64-linux-gnu/libnsl-2.23.so
7fa554aef000-7fa554af0000 rw-p 00016000 08:07 1060725                    /lib/x86_64-linux-gnu/libnsl-2.23.so
7fa554af0000-7fa554af2000 rw-p 00000000 00:00 0 
7fa554af2000-7fa554afa000 r-xp 00000000 08:07 1061162                    /lib/x86_64-linux-gnu/libnss_compat-2.23.so
7fa554afa000-7fa554cf9000 ---p 00008000 08:07 1061162                    /lib/x86_64-linux-gnu/libnss_compat-2.23.so
7fa554cf9000-7fa554cfa000 r--p 00007000 08:07 1061162                    /lib/x86_64-linux-gnu/libnss_compat-2.23.so
7fa554cfa000-7fa554cfb000 rw-p 00008000 08:07 1061162                    /lib/x86_64-linux-gnu/libnss_compat-2.23.so
7fa554cfb000-7fa554d28000 r-xp 00000000 08:07 293167                     /usr/lib/jvm/java-8-openjdk-amd64/jre/lib/amd64/libjava.so
7fa554d28000-7fa554f27000 ---p 0002d000 08:07 293167                     /usr/lib/jvm/java-8-openjdk-amd64/jre/lib/amd64/libjava.so
7fa554f27000-7fa554f28000 r--p 0002c000 08:07 293167                     /usr/lib/jvm/java-8-openjdk-amd64/jre/lib/amd64/libjava.so
7fa554f28000-7fa554f2a000 rw-p 0002d000 08:07 293167                     /usr/lib/jvm/java-8-openjdk-amd64/jre/lib/amd64/libjava.so
7fa554f2a000-7fa554f39000 r-xp 00000000 08:07 292394                     /usr/lib/jvm/java-8-openjdk-amd64/jre/lib/amd64/libverify.so
7fa554f39000-7fa555138000 ---p 0000f000 08:07 292394                     /usr/lib/jvm/java-8-openjdk-amd64/jre/lib/amd64/libverify.so
7fa555138000-7fa55513a000 r--p 0000e000 08:07 292394                     /usr/lib/jvm/java-8-openjdk-amd64/jre/lib/amd64/libverify.so
7fa55513a000-7fa55513b000 rw-p 00010000 08:07 292394                     /usr/lib/jvm/java-8-openjdk-amd64/jre/lib/amd64/libverify.so
7fa55513b000-7fa555142000 r-xp 00000000 08:07 1061032                    /lib/x86_64-linux-gnu/librt-2.23.so
7fa555142000-7fa555341000 ---p 00007000 08:07 1061032                    /lib/x86_64-linux-gnu/librt-2.23.so
7fa555341000-7fa555342000 r--p 00006000 08:07 1061032                    /lib/x86_64-linux-gnu/librt-2.23.so
7fa555342000-7fa555343000 rw-p 00007000 08:07 1061032                    /lib/x86_64-linux-gnu/librt-2.23.so
7fa555343000-7fa555359000 r-xp 00000000 08:07 1064631                    /lib/x86_64-linux-gnu/libgcc_s.so.1
7fa555359000-7fa555558000 ---p 00016000 08:07 1064631                    /lib/x86_64-linux-gnu/libgcc_s.so.1
7fa555558000-7fa555559000 r--p 00015000 08:07 1064631                    /lib/x86_64-linux-gnu/libgcc_s.so.1
7fa555559000-7fa55555a000 rw-p 00016000 08:07 1064631                    /lib/x86_64-linux-gnu/libgcc_s.so.1
7fa55555a000-7fa555662000 r-xp 00000000 08:07 1061282                    /lib/x86_64-linux-gnu/libm-2.23.so
7fa555662000-7fa555861000 ---p 00108000 08:07 1061282                    /lib/x86_64-linux-gnu/libm-2.23.so
7fa555861000-7fa555862000 r--p 00107000 08:07 1061282                    /lib/x86_64-linux-gnu/libm-2.23.so
7fa555862000-7fa555863000 rw-p 00108000 08:07 1061282                    /lib/x86_64-linux-gnu/libm-2.23.so
7fa555863000-7fa5559dd000 r-xp 00000000 08:07 265900                     /usr/lib/x86_64-linux-gnu/libstdc++.so.6.0.24
7fa5559dd000-7fa555bdc000 ---p 0017a000 08:07 265900                     /usr/lib/x86_64-linux-gnu/libstdc++.so.6.0.24
7fa555bdc000-7fa555be6000 r--p 00179000 08:07 265900                     /usr/lib/x86_64-linux-gnu/libstdc++.so.6.0.24
7fa555be6000-7fa555be8000 rw-p 00183000 08:07 265900                     /usr/lib/x86_64-linux-gnu/libstdc++.so.6.0.24
7fa555be8000-7fa555beb000 rw-p 00000000 00:00 0 
7fa555beb000-7fa55683f000 r-xp 00000000 08:07 292400                     /usr/lib/jvm/java-8-openjdk-amd64/jre/lib/amd64/server/libjvm.so
7fa55683f000-7fa556a3f000 ---p 00c54000 08:07 292400                     /usr/lib/jvm/java-8-openjdk-amd64/jre/lib/amd64/server/libjvm.so
7fa556a3f000-7fa556ad2000 r--p 00c54000 08:07 292400                     /usr/lib/jvm/java-8-openjdk-amd64/jre/lib/amd64/server/libjvm.so
7fa556ad2000-7fa556afb000 rw-p 00ce7000 08:07 292400                     /usr/lib/jvm/java-8-openjdk-amd64/jre/lib/amd64/server/libjvm.so
7fa556afb000-7fa556b2b000 rw-p 00000000 00:00 0 
7fa556b2b000-7fa556b43000 r-xp 00000000 08:07 1060955                    /lib/x86_64-linux-gnu/libpthread-2.23.so
7fa556b43000-7fa556d42000 ---p 00018000 08:07 1060955                    /lib/x86_64-linux-gnu/libpthread-2.23.so
7fa556d42000-7fa556d43000 r--p 00017000 08:07 1060955                    /lib/x86_64-linux-gnu/libpthread-2.23.so
7fa556d43000-7fa556d44000 rw-p 00018000 08:07 1060955                    /lib/x86_64-linux-gnu/libpthread-2.23.so
7fa556d44000-7fa556d48000 rw-p 00000000 00:00 0 
7fa556d48000-7fa556d4b000 r-xp 00000000 08:07 1061097                    /lib/x86_64-linux-gnu/libdl-2.23.so
7fa556d4b000-7fa556f4a000 ---p 00003000 08:07 1061097                    /lib/x86_64-linux-gnu/libdl-2.23.so
7fa556f4a000-7fa556f4b000 r--p 00002000 08:07 1061097                    /lib/x86_64-linux-gnu/libdl-2.23.so
7fa556f4b000-7fa556f4c000 rw-p 00003000 08:07 1061097                    /lib/x86_64-linux-gnu/libdl-2.23.so
7fa556f4c000-7fa556f65000 r-xp 00000000 08:07 1050630                    /lib/x86_64-linux-gnu/libz.so.1.2.8
7fa556f65000-7fa557164000 ---p 00019000 08:07 1050630                    /lib/x86_64-linux-gnu/libz.so.1.2.8
7fa557164000-7fa557165000 r--p 00018000 08:07 1050630                    /lib/x86_64-linux-gnu/libz.so.1.2.8
7fa557165000-7fa557166000 rw-p 00019000 08:07 1050630                    /lib/x86_64-linux-gnu/libz.so.1.2.8
7fa557166000-7fa557326000 r-xp 00000000 08:07 1061372                    /lib/x86_64-linux-gnu/libc-2.23.so
7fa557326000-7fa557526000 ---p 001c0000 08:07 1061372                    /lib/x86_64-linux-gnu/libc-2.23.so
7fa557526000-7fa55752a000 r--p 001c0000 08:07 1061372                    /lib/x86_64-linux-gnu/libc-2.23.so
7fa55752a000-7fa55752c000 rw-p 001c4000 08:07 1061372                    /lib/x86_64-linux-gnu/libc-2.23.so
7fa55752c000-7fa557530000 rw-p 00000000 00:00 0 
7fa557530000-7fa55753d000 r-xp 00000000 08:07 292392                     /usr/lib/jvm/java-8-openjdk-amd64/jre/lib/amd64/jli/libjli.so
7fa55753d000-7fa55773d000 ---p 0000d000 08:07 292392                     /usr/lib/jvm/java-8-openjdk-amd64/jre/lib/amd64/jli/libjli.so
7fa55773d000-7fa55773e000 r--p 0000d000 08:07 292392                     /usr/lib/jvm/java-8-openjdk-amd64/jre/lib/amd64/jli/libjli.so
7fa55773e000-7fa55773f000 rw-p 0000e000 08:07 292392                     /usr/lib/jvm/java-8-openjdk-amd64/jre/lib/amd64/jli/libjli.so
7fa55773f000-7fa557765000 r-xp 00000000 08:07 1060753                    /lib/x86_64-linux-gnu/ld-2.23.so
7fa557768000-7fa557840000 rw-p 00000000 00:00 0 
7fa557840000-7fa557843000 ---p 00000000 00:00 0 
7fa557843000-7fa557946000 rw-p 00000000 00:00 0 
7fa557946000-7fa55794b000 r--s 0003b000 08:07 292384                     /usr/lib/jvm/java-8-openjdk-amd64/jre/lib/ext/sunjce_provider.jar
7fa55794b000-7fa55794d000 r--s 00001000 08:07 292382                     /usr/lib/jvm/java-8-openjdk-amd64/jre/lib/ext/dnsns.jar
7fa55794d000-7fa55794e000 r--s 00010000 08:07 292387                     /usr/lib/jvm/java-8-openjdk-amd64/jre/lib/ext/zipfs.jar
7fa55794e000-7fa557952000 r--s 00037000 08:07 292381                     /usr/lib/jvm/java-8-openjdk-amd64/jre/lib/ext/sunpkcs11.jar
7fa557952000-7fa557953000 r--s 0000a000 08:07 292383                     /usr/lib/jvm/java-8-openjdk-amd64/jre/lib/ext/jaccess.jar
7fa557953000-7fa557956000 r--s 0000f000 08:07 292385                     /usr/lib/jvm/java-8-openjdk-amd64/jre/lib/ext/icedtea-sound.jar
7fa557956000-7fa557958000 r--s 00008000 08:07 292386                     /usr/lib/jvm/java-8-openjdk-amd64/jre/lib/ext/sunec.jar
7fa557958000-7fa557960000 rw-s 00000000 08:07 15917                      /tmp/hsperfdata_ahmed/9622
7fa557960000-7fa557961000 rw-p 00000000 00:00 0 
7fa557961000-7fa557962000 ---p 00000000 00:00 0 
7fa557962000-7fa557964000 rw-p 00000000 00:00 0 
7fa557964000-7fa557965000 r--p 00025000 08:07 1060753                    /lib/x86_64-linux-gnu/ld-2.23.so
7fa557965000-7fa557966000 rw-p 00026000 08:07 1060753                    /lib/x86_64-linux-gnu/ld-2.23.so
7fa557966000-7fa557967000 rw-p 00000000 00:00 0 
7ffdcbc25000-7ffdcbc46000 rw-p 00000000 00:00 0                          [stack]
7ffdcbd38000-7ffdcbd3a000 r--p 00000000 00:00 0                          [vvar]
7ffdcbd3a000-7ffdcbd3c000 r-xp 00000000 00:00 0                          [vdso]
ffffffffff600000-ffffffffff601000 r-xp 00000000 00:00 0                  [vsyscall]

VM Arguments:
jvm_args: -Dfile.encoding=UTF-8 
java_command: Main
java_class_path (initial): /home/ahmed/Desktop/Trees_InterviewBits/bin
Launcher Type: SUN_STANDARD

Environment Variables:
PATH=/home/ahmed/Downloads/swift-3.1.1-RELEASE-ubuntu16.10/usr/bin:/home/ahmed/.local/share/umake/bin:/home/ahmed/bin:/home/ahmed/.local/bin:/usr/local/sbin:/usr/local/bin:/usr/sbin:/usr/bin:/sbin:/bin:/usr/games:/usr/local/games:/snap/bin:/home/ahmed/.rvm/bin
SHELL=/bin/bash
DISPLAY=:0

Signal Handlers:
SIGSEGV: [libjvm.so+0xa6ad10], sa_mask[0]=11111111011111111101111111111110, sa_flags=SA_RESTART|SA_SIGINFO
SIGBUS: [libjvm.so+0xa6ad10], sa_mask[0]=11111111011111111101111111111110, sa_flags=SA_RESTART|SA_SIGINFO
SIGFPE: [libjvm.so+0x8b3bc0], sa_mask[0]=11111111011111111101111111111110, sa_flags=SA_RESTART|SA_SIGINFO
SIGPIPE: [libjvm.so+0x8b3bc0], sa_mask[0]=11111111011111111101111111111110, sa_flags=SA_RESTART|SA_SIGINFO
SIGXFSZ: [libjvm.so+0x8b3bc0], sa_mask[0]=11111111011111111101111111111110, sa_flags=SA_RESTART|SA_SIGINFO
SIGILL: [libjvm.so+0x8b3bc0], sa_mask[0]=11111111011111111101111111111110, sa_flags=SA_RESTART|SA_SIGINFO
SIGUSR1: SIG_DFL, sa_mask[0]=00000000000000000000000000000000, sa_flags=none
SIGUSR2: [libjvm.so+0x8b3a70], sa_mask[0]=00100000000000000000000000000000, sa_flags=SA_RESTART|SA_SIGINFO
SIGHUP: [libjvm.so+0x8b3f40], sa_mask[0]=11111111011111111101111111111110, sa_flags=SA_RESTART|SA_SIGINFO
SIGINT: [libjvm.so+0x8b3f40], sa_mask[0]=11111111011111111101111111111110, sa_flags=SA_RESTART|SA_SIGINFO
SIGTERM: [libjvm.so+0x8b3f40], sa_mask[0]=11111111011111111101111111111110, sa_flags=SA_RESTART|SA_SIGINFO
SIGQUIT: [libjvm.so+0x8b3f40], sa_mask[0]=11111111011111111101111111111110, sa_flags=SA_RESTART|SA_SIGINFO


---------------  S Y S T E M  ---------------

OS:DISTRIB_ID=Ubuntu
DISTRIB_RELEASE=16.04
DISTRIB_CODENAME=xenial
DISTRIB_DESCRIPTION="Ubuntu 16.04.3 LTS"

uname:Linux 4.10.0-32-generic #36~16.04.1-Ubuntu SMP Wed Aug 9 09:19:02 UTC 2017 x86_64
libc:glibc 2.23 NPTL 2.23 
rlimit: STACK 8192k, CORE 0k, NPROC 15003, NOFILE 1048576, AS infinity
load average:2.07 0.75 0.44

/proc/meminfo:
MemTotal:        3885500 kB
MemFree:          106792 kB
MemAvailable:      27048 kB
Buffers:            1712 kB
Cached:           307936 kB
SwapCached:            0 kB
Active:          3329968 kB
Inactive:         286156 kB
Active(anon):    3308220 kB
Inactive(anon):   265488 kB
Active(file):      21748 kB
Inactive(file):    20668 kB
Unevictable:         176 kB
Mlocked:             176 kB
SwapTotal:             0 kB
SwapFree:              0 kB
Dirty:                36 kB
Writeback:             0 kB
AnonPages:       3306776 kB
Mapped:           125588 kB
Shmem:            267028 kB
Slab:              71008 kB
SReclaimable:      34176 kB
SUnreclaim:        36832 kB
KernelStack:        9984 kB
PageTables:        38600 kB
NFS_Unstable:          0 kB
Bounce:                0 kB
WritebackTmp:          0 kB
CommitLimit:     1942748 kB
Committed_AS:    7590256 kB
VmallocTotal:   34359738367 kB
VmallocUsed:           0 kB
VmallocChunk:          0 kB
HardwareCorrupted:     0 kB
AnonHugePages:    794624 kB
ShmemHugePages:        0 kB
ShmemPmdMapped:        0 kB
CmaTotal:              0 kB
CmaFree:               0 kB
HugePages_Total:       0
HugePages_Free:        0
HugePages_Rsvd:        0
HugePages_Surp:        0
Hugepagesize:       2048 kB
DirectMap4k:      110392 kB
DirectMap2M:     3926016 kB


CPU:total 4 (initial active 4) (2 cores per cpu, 2 threads per core) family 6 model 42 stepping 7, cmov, cx8, fxsr, mmx, sse, sse2, sse3, ssse3, sse4.1, sse4.2, popcnt, avx, clmul, ht, tsc, tscinvbit

/proc/cpuinfo:
processor	: 0
vendor_id	: GenuineIntel
cpu family	: 6
model		: 42
model name	: Intel(R) Core(TM) i3-2328M CPU @ 2.20GHz
stepping	: 7
microcode	: 0x26
cpu MHz		: 2200.000
cache size	: 3072 KB
physical id	: 0
siblings	: 4
core id		: 0
cpu cores	: 2
apicid		: 0
initial apicid	: 0
fpu		: yes
fpu_exception	: yes
cpuid level	: 13
wp		: yes
flags		: fpu vme de pse tsc msr pae mce cx8 apic sep mtrr pge mca cmov pat pse36 clflush dts acpi mmx fxsr sse sse2 ss ht tm pbe syscall nx rdtscp lm constant_tsc arch_perfmon pebs bts rep_good nopl xtopology nonstop_tsc aperfmperf pni pclmulqdq dtes64 monitor ds_cpl vmx est tm2 ssse3 cx16 xtpr pdcm pcid sse4_1 sse4_2 x2apic popcnt tsc_deadline_timer xsave avx lahf_lm epb tpr_shadow vnmi flexpriority ept vpid xsaveopt dtherm arat pln pts
bugs		:
bogomips	: 4390.09
clflush size	: 64
cache_alignment	: 64
address sizes	: 36 bits physical, 48 bits virtual
power management:

processor	: 1
vendor_id	: GenuineIntel
cpu family	: 6
model		: 42
model name	: Intel(R) Core(TM) i3-2328M CPU @ 2.20GHz
stepping	: 7
microcode	: 0x26
cpu MHz		: 2200.000
cache size	: 3072 KB
physical id	: 0
siblings	: 4
core id		: 0
cpu cores	: 2
apicid		: 1
initial apicid	: 1
fpu		: yes
fpu_exception	: yes
cpuid level	: 13
wp		: yes
flags		: fpu vme de pse tsc msr pae mce cx8 apic sep mtrr pge mca cmov pat pse36 clflush dts acpi mmx fxsr sse sse2 ss ht tm pbe syscall nx rdtscp lm constant_tsc arch_perfmon pebs bts rep_good nopl xtopology nonstop_tsc aperfmperf pni pclmulqdq dtes64 monitor ds_cpl vmx est tm2 ssse3 cx16 xtpr pdcm pcid sse4_1 sse4_2 x2apic popcnt tsc_deadline_timer xsave avx lahf_lm epb tpr_shadow vnmi flexpriority ept vpid xsaveopt dtherm arat pln pts
bugs		:
bogomips	: 4390.09
clflush size	: 64
cache_alignment	: 64
address sizes	: 36 bits physical, 48 bits virtual
power management:

processor	: 2
vendor_id	: GenuineIntel
cpu family	: 6
model		: 42
model name	: Intel(R) Core(TM) i3-2328M CPU @ 2.20GHz
stepping	: 7
microcode	: 0x26
cpu MHz		: 2199.865
cache size	: 3072 KB
physical id	: 0
siblings	: 4
core id		: 1
cpu cores	: 2
apicid		: 2
initial apicid	: 2
fpu		: yes
fpu_exception	: yes
cpuid level	: 13
wp		: yes
flags		: fpu vme de pse tsc msr pae mce cx8 apic sep mtrr pge mca cmov pat pse36 clflush dts acpi mmx fxsr sse sse2 ss ht tm pbe syscall nx rdtscp lm constant_tsc arch_perfmon pebs bts rep_good nopl xtopology nonstop_tsc aperfmperf pni pclmulqdq dtes64 monitor ds_cpl vmx est tm2 ssse3 cx16 xtpr pdcm pcid sse4_1 sse4_2 x2apic popcnt tsc_deadline_timer xsave avx lahf_lm epb tpr_shadow vnmi flexpriority ept vpid xsaveopt dtherm arat pln pts
bugs		:
bogomips	: 4390.09
clflush size	: 64
cache_alignment	: 64
address sizes	: 36 bits physical, 48 bits virtual
power management:

processor	: 3
vendor_id	: GenuineIntel
cpu family	: 6
model		: 42
model name	: Intel(R) Core(TM) i3-2328M CPU @ 2.20GHz
stepping	: 7
microcode	: 0x26
cpu MHz		: 2200.000
cache size	: 3072 KB
physical id	: 0
siblings	: 4
core id		: 1
cpu cores	: 2
apicid		: 3
initial apicid	: 3
fpu		: yes
fpu_exception	: yes
cpuid level	: 13
wp		: yes
flags		: fpu vme de pse tsc msr pae mce cx8 apic sep mtrr pge mca cmov pat pse36 clflush dts acpi mmx fxsr sse sse2 ss ht tm pbe syscall nx rdtscp lm constant_tsc arch_perfmon pebs bts rep_good nopl xtopology nonstop_tsc aperfmperf pni pclmulqdq dtes64 monitor ds_cpl vmx est tm2 ssse3 cx16 xtpr pdcm pcid sse4_1 sse4_2 x2apic popcnt tsc_deadline_timer xsave avx lahf_lm epb tpr_shadow vnmi flexpriority ept vpid xsaveopt dtherm arat pln pts
bugs		:
bogomips	: 4390.09
clflush size	: 64
cache_alignment	: 64
address sizes	: 36 bits physical, 48 bits virtual
power management:



Memory: 4k page, physical 3885500k(106792k free), swap 0k(0k free)

vm_info: OpenJDK 64-Bit Server VM (25.131-b11) for linux-amd64 JRE (1.8.0_131-8u131-b11-2ubuntu1.16.04.3-b11), built on Jul 28 2017 01:23:32 by "buildd" with gcc 5.4.0 20160609

time: Mon Aug 28 14:35:43 2017
elapsed time: 11 seconds (0d 0h 0m 11s)

